<?xml version="1.0" encoding="UTF-8"?>
<testng-results skipped="0" failed="0" ignored="0" total="2" passed="2">
  <reporter-output>
  </reporter-output>
  <suite name="Default suite" duration-ms="77077" started-at="2020-10-07T19:46:41 IST" finished-at="2020-10-07T19:47:58 IST">
    <groups>
    </groups>
    <test name="Default test" duration-ms="77077" started-at="2020-10-07T19:46:41 IST" finished-at="2020-10-07T19:47:58 IST">
      <class name="com.stackroute.MakeMyTripExercise">
        <test-method status="PASS" signature="init()[pri:0, instance:com.stackroute.MakeMyTripExercise@578486a3]" name="init" is-config="true" duration-ms="4512" started-at="2020-10-07T19:46:41 IST" finished-at="2020-10-07T19:46:45 IST">
          <reporter-output>
          </reporter-output>
        </test-method> <!-- init -->
        <test-method status="PASS" signature="webElementTest01()[pri:0, instance:com.stackroute.MakeMyTripExercise@578486a3]" name="webElementTest01" duration-ms="7737" started-at="2020-10-07T19:46:45 IST" finished-at="2020-10-07T19:46:53 IST">
          <reporter-output>
          </reporter-output>
        </test-method> <!-- webElementTest01 -->
        <test-method status="PASS" signature="webElementTest03()[pri:0, instance:com.stackroute.MakeMyTripExercise@578486a3]" name="webElementTest03" duration-ms="64786" started-at="2020-10-07T19:46:53 IST" finished-at="2020-10-07T19:47:58 IST">
          <reporter-output>
          </reporter-output>
        </test-method> <!-- webElementTest03 -->
      </class> <!-- com.stackroute.MakeMyTripExercise -->
    </test> <!-- Default test -->
  </suite> <!-- Default suite -->
</testng-results>
